#
# A fatal error has been detected by the Java Runtime Environment:
#
#  EXCEPTION_ACCESS_VIOLATION (0xc0000005) at pc=0x6f697461, pid=4752, tid=0x00002758
#
# JRE version: Java(TM) SE Runtime Environment (8.0_111-b14) (build 1.8.0_111-b14)
# Java VM: Java HotSpot(TM) Client VM (25.111-b14 mixed mode, sharing windows-x86 )
# Problematic frame:
# C  0x6f697461
#
# Failed to write core dump. Minidumps are not enabled by default on client versions of Windows
#
# If you would like to submit a bug report, please visit:
#   http://bugreport.java.com/bugreport/crash.jsp
# The crash happened outside the Java Virtual Machine in native code.
# See problematic frame for where to report the bug.
#

---------------  T H R E A D  ---------------

Current thread (0x02a69800):  JavaThread "Thread-1" [_thread_in_native, id=10072, stack(0x16530000,0x16580000)]

siginfo: ExceptionCode=0xc0000005, ExceptionInformation=0x00000008 0x6f697461

Registers:
EAX=0x6120726f, EBX=0x5d554fc0, ECX=0x76388b20, EDX=0x6120726f
ESP=0x1657f160, EBP=0x63696c70, ESI=0x15847fd0, EDI=0x02a69800
EIP=0x6f697461, EFLAGS=0x00010212

Top of Stack: (sp=0x1657f160)
0x1657f160:   6572206e 73657571 0a0d2e74 04bd000a
0x1657f170:   5d554fc0 00000000 00000000 00000000
0x1657f180:   00000000 00000000 00000000 00000000
0x1657f190:   00000000 00000000 00000000 00000000
0x1657f1a0:   00000000 00000000 00000000 00000000
0x1657f1b0:   00000000 00000000 00000000 00000000
0x1657f1c0:   00000000 00000000 00000000 00000000
0x1657f1d0:   00000000 00000000 1657f468 f7ad3dd2 

Instructions: (pc=0x6f697461)
0x6f697441:   
[error occurred during error reporting (printing registers, top of stack, instructions near pc), id 0xc0000005]

Register to memory mapping:

EAX=0x6120726f is an unknown value
EBX=0x5d554fc0 is an unknown value
ECX=0x76388b20 is an unknown value
EDX=0x6120726f is an unknown value
ESP=0x1657f160 is pointing into the stack for thread: 0x02a69800
EBP=0x63696c70 is an unknown value
ESI=0x15847fd0 is pointing into metadata
EDI=0x02a69800 is a thread


Stack: [0x16530000,0x16580000],  sp=0x1657f160,  free space=316k
Native frames: (J=compiled Java code, j=interpreted, Vv=VM code, C=native code)
C  0x6f697461

Java frames: (J=compiled Java code, j=interpreted, Vv=VM code)
j  gnu.io.RXTXPort.readArray([BII)I+0
j  gnu.io.RXTXPort$SerialInputStream.read([BII)I+187
j  gnu.io.RXTXPort$SerialInputStream.read([B)I+38
j  tests.TwoWaySerialComm$SerialReader.run()V+27
j  java.lang.Thread.run()V+11
v  ~StubRoutines::call_stub

---------------  P R O C E S S  ---------------

Java Threads: ( => current thread )
  0x02a64c00 JavaThread "Thread-2" [_thread_in_native, id=4532, stack(0x165c0000,0x16610000)]
=>0x02a69800 JavaThread "Thread-1" [_thread_in_native, id=10072, stack(0x16530000,0x16580000)]
  0x02a66400 JavaThread "Thread-0" [_thread_in_native, id=1536, stack(0x164a0000,0x164f0000)]
  0x02a73c00 JavaThread "Service Thread" daemon [_thread_blocked, id=2896, stack(0x15ac0000,0x15b10000)]
  0x02a50000 JavaThread "C1 CompilerThread0" daemon [_thread_blocked, id=4216, stack(0x15a70000,0x15ac0000)]
  0x02a4ec00 JavaThread "Attach Listener" daemon [_thread_blocked, id=8676, stack(0x14f30000,0x14f80000)]
  0x02a4d000 JavaThread "Signal Dispatcher" daemon [_thread_blocked, id=3812, stack(0x14ea0000,0x14ef0000)]
  0x02a43c00 JavaThread "Finalizer" daemon [_thread_blocked, id=972, stack(0x14d20000,0x14d70000)]
  0x029e6400 JavaThread "Reference Handler" daemon [_thread_blocked, id=7236, stack(0x14c90000,0x14ce0000)]
  0x0294c000 JavaThread "main" [_thread_blocked, id=4452, stack(0x02880000,0x028d0000)]

Other Threads:
  0x029e2800 VMThread [stack: 0x14c00000,0x14c50000] [id=1684]
  0x02a89400 WatcherThread [stack: 0x15b50000,0x15ba0000] [id=1928]

VM state:not at safepoint (normal execution)

VM Mutex/Monitor currently owned by a thread: None

Heap:
 def new generation   total 4928K, used 1348K [0x04c00000, 0x05150000, 0x0a150000)
  eden space 4416K,  30% used [0x04c00000, 0x04d51198, 0x05050000)
  from space 512K,   0% used [0x05050000, 0x05050000, 0x050d0000)
  to   space 512K,   0% used [0x050d0000, 0x050d0000, 0x05150000)
 tenured generation   total 10944K, used 0K [0x0a150000, 0x0ac00000, 0x14c00000)
   the space 10944K,   0% used [0x0a150000, 0x0a150000, 0x0a150200, 0x0ac00000)
 Metaspace       used 227K, capacity 2318K, committed 2368K, reserved 4480K

Card table byte_map: [0x04b40000,0x04bd0000] byte_map_base: 0x04b1a000

Polling page: 0x010c0000

CodeCache: size=32768Kb used=714Kb max_used=714Kb free=32053Kb
 bounds [0x02ac0000, 0x02b78000, 0x04ac0000]
 total_blobs=170 nmethods=32 adapters=70
 compilation: enabled

Compilation events (10 events):
Event: 5.270 Thread 0x02a50000   28             java.lang.String::toUpperCase (439 bytes)
Event: 5.273 Thread 0x02a50000 nmethod 28 0x02b6fe88 code [0x02b70090, 0x02b708b0]
Event: 5.285 Thread 0x02a50000   29             java.lang.String::startsWith (72 bytes)
Event: 5.285 Thread 0x02a50000 nmethod 29 0x02b712c8 code [0x02b713d0, 0x02b71500]
Event: 5.294 Thread 0x02a50000   30             sun.net.www.ParseUtil::encodePath (336 bytes)
Event: 5.294 Thread 0x02a50000 nmethod 30 0x02b71648 code [0x02b717f0, 0x02b71eb8]
Event: 32.962 Thread 0x02a50000   31             java.lang.ref.Reference::get (5 bytes)
Event: 32.962 Thread 0x02a50000 nmethod 31 0x02b72508 code [0x02b72600, 0x02b72680]
Event: 34.475 Thread 0x02a50000   32   !         gnu.io.RXTXPort::waitForTheNativeCodeSilly (21 bytes)
Event: 34.475 Thread 0x02a50000 nmethod 32 0x02b726c8 code [0x02b727d0, 0x02b728bc]

GC Heap History (0 events):
No events

Deoptimization events (0 events):
No events

Internal exceptions (4 events):
Event: 0.023 Thread 0x0294c000 Exception <a 'java/lang/NoSuchMethodError': Method sun.misc.Unsafe.defineClass(Ljava/lang/String;[BII)Ljava/lang/Class; name or signature does not match> (0x04c07990) thrown at [C:\re\workspace\8-2-build-windows-i586-cygwin\jdk8u111\7883\hotspot\src\share
Event: 0.023 Thread 0x0294c000 Exception <a 'java/lang/NoSuchMethodError': Method sun.misc.Unsafe.prefetchRead(Ljava/lang/Object;J)V name or signature does not match> (0x04c07c60) thrown at [C:\re\workspace\8-2-build-windows-i586-cygwin\jdk8u111\7883\hotspot\src\share\vm\prims\jni.cpp,
Event: 0.073 Thread 0x0294c000 Exception <a 'java/io/FileNotFoundException'> (0x04cc66e0) thrown at [C:\re\workspace\8-2-build-windows-i586-cygwin\jdk8u111\7883\hotspot\src\share\vm\prims\jni.cpp, line 709]
Event: 5.267 Thread 0x0294c000 Exception <a 'java/io/FileNotFoundException'> (0x04cdb208) thrown at [C:\re\workspace\8-2-build-windows-i586-cygwin\jdk8u111\7883\hotspot\src\share\vm\prims\jni.cpp, line 709]

Events (10 events):
Event: 5.277 loading class gnu/io/UnSupportedLoggerException done
Event: 5.285 loading class gnu/io/RXTXPort$MonitorThread
Event: 5.285 loading class gnu/io/RXTXPort$MonitorThread done
Event: 5.286 Thread 0x02a66400 Thread added: 0x02a66400
Event: 5.293 loading class tests/TwoWaySerialComm$SerialReader
Event: 5.293 loading class tests/TwoWaySerialComm$SerialReader done
Event: 5.294 Thread 0x02a69800 Thread added: 0x02a69800
Event: 5.294 loading class tests/TwoWaySerialComm$SerialWriter
Event: 5.294 loading class tests/TwoWaySerialComm$SerialWriter done
Event: 5.295 Thread 0x02a64c00 Thread added: 0x02a64c00


Dynamic libraries:
0x001f0000 - 0x00223000 	C:\Program Files (x86)\Java\jdk1.8.0_111\bin\javaw.exe
0x773c0000 - 0x77543000 	C:\Windows\SYSTEM32\ntdll.dll
0x764d0000 - 0x765b0000 	C:\Windows\System32\KERNEL32.DLL
0x762c0000 - 0x76461000 	C:\Windows\System32\KERNELBASE.dll
0x74840000 - 0x748b7000 	C:\Windows\System32\ADVAPI32.dll
0x740b0000 - 0x7416e000 	C:\Windows\System32\msvcrt.dll
0x76110000 - 0x76151000 	C:\Windows\System32\sechost.dll
0x74a50000 - 0x74b11000 	C:\Windows\System32\RPCRT4.dll
0x73e80000 - 0x73e9e000 	C:\Windows\System32\SspiCli.dll
0x73e70000 - 0x73e7a000 	C:\Windows\System32\CRYPTBASE.dll
0x74170000 - 0x741ca000 	C:\Windows\System32\bcryptPrimitives.dll
0x741d0000 - 0x7432f000 	C:\Windows\System32\USER32.dll
0x772c0000 - 0x772d5000 	C:\Windows\System32\win32u.dll
0x74b20000 - 0x74b4b000 	C:\Windows\System32\GDI32.dll
0x748c0000 - 0x74a1b000 	C:\Windows\System32\gdi32full.dll
0x66c60000 - 0x66e6a000 	C:\Windows\WinSxS\x86_microsoft.windows.common-controls_6595b64144ccf1df_6.0.14393.447_none_89c64d28dafea4b9\COMCTL32.dll
0x74520000 - 0x74731000 	C:\Windows\System32\combase.dll
0x761e0000 - 0x762c0000 	C:\Windows\System32\ucrtbase.dll
0x74a20000 - 0x74a45000 	C:\Windows\System32\IMM32.DLL
0x56cc0000 - 0x56d7f000 	C:\Program Files (x86)\Java\jdk1.8.0_111\jre\bin\msvcr100.dll
0x5d470000 - 0x5d83d000 	C:\Program Files (x86)\Java\jdk1.8.0_111\jre\bin\client\jvm.dll
0x74740000 - 0x74746000 	C:\Windows\System32\PSAPI.DLL
0x73bb0000 - 0x73bb8000 	C:\Windows\SYSTEM32\WSOCK32.dll
0x73860000 - 0x73868000 	C:\Windows\SYSTEM32\VERSION.dll
0x70660000 - 0x70684000 	C:\Windows\SYSTEM32\WINMM.dll
0x74b50000 - 0x74bb3000 	C:\Windows\System32\WS2_32.dll
0x02810000 - 0x02833000 	C:\Windows\SYSTEM32\WINMMBASE.dll
0x744e0000 - 0x74516000 	C:\Windows\System32\cfgmgr32.dll
0x72050000 - 0x7205c000 	C:\Program Files (x86)\Java\jdk1.8.0_111\jre\bin\verify.dll
0x719b0000 - 0x719d1000 	C:\Program Files (x86)\Java\jdk1.8.0_111\jre\bin\java.dll
0x6e4e0000 - 0x6e4f3000 	C:\Program Files (x86)\Java\jdk1.8.0_111\jre\bin\zip.dll
0x74bc0000 - 0x75f99000 	C:\Windows\System32\SHELL32.dll
0x768a0000 - 0x76e0e000 	C:\Windows\System32\windows.storage.dll
0x77370000 - 0x773b5000 	C:\Windows\System32\powrprof.dll
0x76650000 - 0x76696000 	C:\Windows\System32\shlwapi.dll
0x77300000 - 0x7730d000 	C:\Windows\System32\kernel.appcore.dll
0x73ea0000 - 0x73f28000 	C:\Windows\System32\shcore.dll
0x76170000 - 0x7617f000 	C:\Windows\System32\profapi.dll
0x04bd0000 - 0x04be2000 	C:\Program Files (x86)\Java\jdk1.8.0_111\jre\bin\rxtxSerial.dll
0x15ba0000 - 0x15bc7000 	C:\Windows\SYSTEM32\crtdll.dll
0x735f0000 - 0x73735000 	C:\Windows\SYSTEM32\dbghelp.dll

VM Arguments:
jvm_args: -Djava.library.path=C:\Users\Rene Schouten\workspace2\project3 -Dfile.encoding=Cp1252 
java_command: tests.Program
java_class_path (initial): C:\Users\Rene Schouten\workspace2\project3\bin;C:\Users\Rene Schouten\workspace2\project3\lib\RXTXcomm.jar
Launcher Type: SUN_STANDARD

Environment Variables:
JAVA_HOME=C:\Program Files\Java\jdk1.8.0_111
PATH=C:/Program Files (x86)/Java/jdk1.8.0_111/bin/../jre/bin/client;C:/Program Files (x86)/Java/jdk1.8.0_111/bin/../jre/bin;C:/Program Files (x86)/Java/jdk1.8.0_111/bin/../jre/lib/i386;C:\Program Files (x86)\Java\jdk1.8.0_111\bin;C:\ProgramData\Oracle\Java\javapath;C:\Windows\system32;C:\Windows;C:\Windows\System32\Wbem;C:\Windows\System32\WindowsPowerShell\v1.0\;C:\Program Files (x86)\NVIDIA Corporation\PhysX\Common;C:\Program Files\Intel\WiFi\bin\;C:\Program Files\Common Files\Intel\WirelessCommon\;C:\Program Files\Microsoft SQL Server\Client SDK\ODBC\130\Tools\Binn\;C:\Program Files (x86)\Microsoft SQL Server\130\Tools\Binn\;C:\Program Files\Microsoft SQL Server\130\Tools\Binn\;C:\Program Files\Microsoft SQL Server\130\DTS\Binn\;C:\Program Files\Git\cmd;C:\Program Files (x86)\Skype\Phone\;C:\Program Files (x86)\IVI Foundation\VISA\WinNT\Bin;C:\Program Files (x86)\Java\jdk1.8.0_101\bin;C:\Program Files\Intel\WiFi\bin\;C:\Program Files\Common Files\Intel\WirelessCommon\;C:\Users\Rene Schouten\AppData\Local\atom\bin;C:\Program Files (x86)\Dr. Memory\bin\;C:\Users\Rene Schouten\Desktop;
USERNAME=Rene Schouten
OS=Windows_NT
PROCESSOR_IDENTIFIER=Intel64 Family 6 Model 78 Stepping 3, GenuineIntel



---------------  S Y S T E M  ---------------

OS: Windows 10.0 , 64 bit Build 14393 (10.0.14393.0)

CPU:total 4 (2 cores per cpu, 2 threads per core) family 6 model 78 stepping 3, cmov, cx8, fxsr, mmx, sse, sse2, sse3, ssse3, sse4.1, sse4.2, popcnt, avx, avx2, aes, clmul, erms, 3dnowpref, lzcnt, ht, tsc, tscinvbit, bmi1, bmi2, adx

Memory: 4k page, physical 8292264k(3938152k free), swap 16680872k(11174028k free)

vm_info: Java HotSpot(TM) Client VM (25.111-b14) for windows-x86 JRE (1.8.0_111-b14), built on Sep 22 2016 18:54:33 by "java_re" with MS VC++ 10.0 (VS2010)

time: Tue Feb 14 13:35:09 2017
elapsed time: 39 seconds (0d 0h 0m 39s)

